This file contains any messages produced by compilers while
running configure, to aid debugging if configure makes a mistake.

It was created by SIS configure 1.3.6, which was
generated by GNU Autoconf 2.59.  Invocation command line was

  $ ./configure CFLAGS=-w

## --------- ##
## Platform. ##
## --------- ##

hostname = Randys-MBP-2
uname -m = x86_64
uname -r = 18.2.0
uname -s = Darwin
uname -v = Darwin Kernel Version 18.2.0: Thu Dec 20 20:46:53 PST 2018; root:xnu-4903.241.1~1/RELEASE_X86_64

/usr/bin/uname -p = i386
/bin/uname -X     = unknown

/bin/arch              = unknown
/usr/bin/arch -k       = unknown
/usr/convex/getsysinfo = unknown
hostinfo               = Mach kernel version:
	 Darwin Kernel Version 18.2.0: Thu Dec 20 20:46:53 PST 2018; root:xnu-4903.241.1~1/RELEASE_X86_64
Kernel configured for up to 8 processors.
4 processors are physically available.
8 processors are logically available.
Processor type: x86_64h (Intel x86-64h Haswell)
Processors active: 0 1 2 3 4 5 6 7
Primary memory available: 16.00 gigabytes
Default processor set: 621 tasks, 5361 threads, 8 processors
Load average: 2.57, Mach factor: 5.53
/bin/machine           = unknown
/usr/bin/oslevel       = unknown
/bin/universe          = unknown

PATH: /Users/heiland/anaconda3/bin
PATH: /Users/heiland/perl5/bin
PATH: /usr/local/ssl/bin
PATH: .
PATH: /Library/Java/JavaVirtualMachines/jdk1.8.0_161.jdk/Contents/Home/bin
PATH: /bin
PATH: /Users/heiland/dev/Bin
PATH: /Users/heiland/dev/auto/07p/cmds
PATH: /Users/heiland/dev/auto/07p/bin
PATH: /usr/local/Trolltech/Qt-4.8.5/bin
PATH: /usr/local/mysql/bin
PATH: /usr/local/bin
PATH: /usr/local/bin
PATH: /usr/local/sbin
PATH: /sbin
PATH: /usr/sbin
PATH: /bin
PATH: /usr/bin
PATH: /usr/X11R6/bin
PATH: /usr/texbin
PATH: /System/Library/Frameworks/Python.framework/Versions/2.7/bin
PATH: .
PATH: /usr/local/texlive/2013/bin/x86_64-darwin
PATH: /usr/local/bin
PATH: /usr/bin
PATH: /bin
PATH: /usr/sbin
PATH: /sbin
PATH: /Library/TeX/texbin
PATH: /usr/local/go/bin
PATH: /opt/X11/bin
PATH: /Library/Frameworks/Mono.framework/Versions/Current/Commands
PATH: /Users/heiland/dev/mongodb-osx-x86_64-2.4.9/bin
PATH: /Applications/CMake.app/Contents/bin
PATH: /usr/local/go/bin
PATH: /Applications/Postgres.app/Contents/Versions/latest/bin
PATH: /Users/heiland/dev/DependencyFinder-1.2.1-beta4/bin
PATH: /usr/local/bro/bin
PATH: /Applications/Octave.app/Contents/Resources/usr/bin
PATH: /Applications/Pixar/RenderManProServer-21.5/bin
PATH: /Applications/ParaView-5.4.1.app/Contents/bin
PATH: /applications/tau/tau/apple/bin


## ----------- ##
## Core tests. ##
## ----------- ##

configure:1434: checking for a BSD-compatible install
configure:1489: result: /usr/bin/install -c
configure:1500: checking whether build environment is sane
configure:1543: result: yes
configure:1600: checking for gawk
configure:1629: result: no
configure:1600: checking for mawk
configure:1629: result: no
configure:1600: checking for nawk
configure:1629: result: no
configure:1600: checking for awk
configure:1616: found /usr/bin/awk
configure:1626: result: awk
configure:1636: checking whether make sets $(MAKE)
configure:1656: result: yes
configure:1932: checking for gcc
configure:1948: found /usr/bin/gcc
configure:1958: result: gcc
configure:2202: checking for C compiler version
configure:2205: gcc --version </dev/null >&5
Configured with: --prefix=/Applications/Xcode.app/Contents/Developer/usr --with-gxx-include-dir=/Applications/Xcode.app/Contents/Developer/Platforms/MacOSX.platform/Developer/SDKs/MacOSX10.14.sdk/usr/include/c++/4.2.1
Apple LLVM version 10.0.1 (clang-1001.0.46.4)
Target: x86_64-apple-darwin18.2.0
Thread model: posix
InstalledDir: /Applications/Xcode.app/Contents/Developer/Toolchains/XcodeDefault.xctoolchain/usr/bin
configure:2208: $? = 0
configure:2210: gcc -v </dev/null >&5
Configured with: --prefix=/Applications/Xcode.app/Contents/Developer/usr --with-gxx-include-dir=/Applications/Xcode.app/Contents/Developer/Platforms/MacOSX.platform/Developer/SDKs/MacOSX10.14.sdk/usr/include/c++/4.2.1
Apple LLVM version 10.0.1 (clang-1001.0.46.4)
Target: x86_64-apple-darwin18.2.0
Thread model: posix
InstalledDir: /Applications/Xcode.app/Contents/Developer/Toolchains/XcodeDefault.xctoolchain/usr/bin
configure:2213: $? = 0
configure:2215: gcc -V </dev/null >&5
clang: error: unsupported option '-V -Wno-atomic-implicit-seq-cst'
clang: error: no input files
configure:2218: $? = 1
configure:2241: checking for C compiler default output file name
configure:2244: gcc -w   conftest.c  >&5
configure:2247: $? = 0
configure:2293: result: a.out
configure:2298: checking whether the C compiler works
configure:2304: ./a.out
configure:2307: $? = 0
configure:2324: result: yes
configure:2331: checking whether we are cross compiling
configure:2333: result: no
configure:2336: checking for suffix of executables
configure:2338: gcc -o conftest -w   conftest.c  >&5
configure:2341: $? = 0
configure:2366: result: 
configure:2372: checking for suffix of object files
configure:2393: gcc -c -w  conftest.c >&5
configure:2396: $? = 0
configure:2418: result: o
configure:2422: checking whether we are using the GNU C compiler
configure:2446: gcc -c -w  conftest.c >&5
configure:2452: $? = 0
configure:2456: test -z 
			 || test ! -s conftest.err
configure:2459: $? = 0
configure:2462: test -s conftest.o
configure:2465: $? = 0
configure:2478: result: yes
configure:2484: checking whether gcc accepts -g
configure:2505: gcc -c -g  conftest.c >&5
configure:2511: $? = 0
configure:2515: test -z 
			 || test ! -s conftest.err
configure:2518: $? = 0
configure:2521: test -s conftest.o
configure:2524: $? = 0
configure:2535: result: yes
configure:2552: checking for gcc option to accept ANSI C
configure:2622: gcc  -c -w  conftest.c >&5
configure:2628: $? = 0
configure:2632: test -z 
			 || test ! -s conftest.err
configure:2635: $? = 0
configure:2638: test -s conftest.o
configure:2641: $? = 0
configure:2659: result: none needed
configure:2677: gcc -c -w  conftest.c >&5
conftest.c:2:3: error: unknown type name 'choke'
  choke me
  ^
conftest.c:2:11: error: expected ';' after top level declarator
  choke me
          ^
          ;
2 errors generated.
configure:2683: $? = 1
configure: failed program was:
| #ifndef __cplusplus
|   choke me
| #endif
configure:2820: checking for bison
configure:2836: found /usr/bin/bison
configure:2846: result: bison -y
configure:2862: checking for flex
configure:2878: found /usr/bin/flex
configure:2888: result: flex
configure:2901: checking for yywrap in -lfl
configure:2931: gcc -o conftest -w   conftest.c -lfl   >&5
ld: library not found for -lfl
clang: error: linker command failed with exit code 1 (use -v to see invocation)
configure:2937: $? = 1
configure: failed program was:
| /* confdefs.h.  */
| 
| #define PACKAGE_NAME "SIS"
| #define PACKAGE_TARNAME "sis"
| #define PACKAGE_VERSION "1.3.6"
| #define PACKAGE_STRING "SIS 1.3.6"
| #define PACKAGE_BUGREPORT "pchong@ic.eecs.berkeley.edu"
| #define PACKAGE "sis"
| #define VERSION "1.3.6"
| /* end confdefs.h.  */
| 
| /* Override any gcc2 internal prototype to avoid an error.  */
| #ifdef __cplusplus
| extern "C"
| #endif
| /* We use char because int might match the return type of a gcc2
|    builtin and then its argument prototype would still apply.  */
| char yywrap ();
| int
| main ()
| {
| yywrap ();
|   ;
|   return 0;
| }
configure:2963: result: no
configure:2968: checking for yywrap in -ll
configure:2998: gcc -o conftest -w   conftest.c -ll   >&5
configure:3004: $? = 0
configure:3008: test -z 
			 || test ! -s conftest.err
configure:3011: $? = 0
configure:3014: test -s conftest
configure:3017: $? = 0
configure:3030: result: yes
configure:3041: checking lex output file root
configure:3052: flex conftest.l
configure:3055: $? = 0
configure:3067: result: lex.yy
configure:3072: checking whether yytext is a pointer
configure:3088: gcc -o conftest -w   conftest.c  -ll >&5
configure:3094: $? = 0
configure:3098: test -z 
			 || test ! -s conftest.err
configure:3101: $? = 0
configure:3104: test -s conftest
configure:3107: $? = 0
configure:3121: result: yes
configure:3148: checking for a BSD-compatible install
configure:3203: result: /usr/bin/install -c
configure:3214: checking whether ln -s works
configure:3218: result: yes
configure:3225: checking whether make sets $(MAKE)
configure:3245: result: yes
configure:3295: checking for ranlib
configure:3311: found /usr/bin/ranlib
configure:3322: result: ranlib
configure:3346: checking how to run the C preprocessor
configure:3381: gcc -E  conftest.c
configure:3387: $? = 0
configure:3419: gcc -E  conftest.c
conftest.c:12:10: fatal error: 'ac_nonexistent.h' file not found
#include <ac_nonexistent.h>
         ^~~~~~~~~~~~~~~~~~
1 error generated.
configure:3425: $? = 1
configure: failed program was:
| /* confdefs.h.  */
| 
| #define PACKAGE_NAME "SIS"
| #define PACKAGE_TARNAME "sis"
| #define PACKAGE_VERSION "1.3.6"
| #define PACKAGE_STRING "SIS 1.3.6"
| #define PACKAGE_BUGREPORT "pchong@ic.eecs.berkeley.edu"
| #define PACKAGE "sis"
| #define VERSION "1.3.6"
| #define YYTEXT_POINTER 1
| /* end confdefs.h.  */
| #include <ac_nonexistent.h>
configure:3464: result: gcc -E
configure:3488: gcc -E  conftest.c
configure:3494: $? = 0
configure:3526: gcc -E  conftest.c
conftest.c:12:10: fatal error: 'ac_nonexistent.h' file not found
#include <ac_nonexistent.h>
         ^~~~~~~~~~~~~~~~~~
1 error generated.
configure:3532: $? = 1
configure: failed program was:
| /* confdefs.h.  */
| 
| #define PACKAGE_NAME "SIS"
| #define PACKAGE_TARNAME "sis"
| #define PACKAGE_VERSION "1.3.6"
| #define PACKAGE_STRING "SIS 1.3.6"
| #define PACKAGE_BUGREPORT "pchong@ic.eecs.berkeley.edu"
| #define PACKAGE "sis"
| #define VERSION "1.3.6"
| #define YYTEXT_POINTER 1
| /* end confdefs.h.  */
| #include <ac_nonexistent.h>
configure:3576: checking for X
configure:3681: gcc -E  conftest.c
conftest.c:12:10: fatal error: 'X11/Intrinsic.h' file not found
#include <X11/Intrinsic.h>
         ^~~~~~~~~~~~~~~~~
1 error generated.
configure:3687: $? = 1
configure: failed program was:
| /* confdefs.h.  */
| 
| #define PACKAGE_NAME "SIS"
| #define PACKAGE_TARNAME "sis"
| #define PACKAGE_VERSION "1.3.6"
| #define PACKAGE_STRING "SIS 1.3.6"
| #define PACKAGE_BUGREPORT "pchong@ic.eecs.berkeley.edu"
| #define PACKAGE "sis"
| #define VERSION "1.3.6"
| #define YYTEXT_POINTER 1
| /* end confdefs.h.  */
| #include <X11/Intrinsic.h>
configure:3806: result: libraries /Applications/Octave.app/Contents/Resources/usr/lib, headers /usr/X11/include
configure:3810: checking for egrep
configure:3820: result: grep -E
configure:3825: checking for ANSI C header files
configure:3850: gcc -c -w  conftest.c >&5
configure:3856: $? = 0
configure:3860: test -z 
			 || test ! -s conftest.err
configure:3863: $? = 0
configure:3866: test -s conftest.o
configure:3869: $? = 0
configure:3958: gcc -o conftest -w   conftest.c  >&5
configure:3961: $? = 0
configure:3963: ./conftest
configure:3966: $? = 0
configure:3981: result: yes
configure:3999: checking for dirent.h that defines DIR
configure:4023: gcc -c -w  conftest.c >&5
configure:4029: $? = 0
configure:4033: test -z 
			 || test ! -s conftest.err
configure:4036: $? = 0
configure:4039: test -s conftest.o
configure:4042: $? = 0
configure:4053: result: yes
configure:4066: checking for library containing opendir
configure:4096: gcc -o conftest -w   conftest.c  >&5
configure:4102: $? = 0
configure:4106: test -z 
			 || test ! -s conftest.err
configure:4109: $? = 0
configure:4112: test -s conftest
configure:4115: $? = 0
configure:4185: result: none required
configure:4321: checking for sys/wait.h that is POSIX.1 compatible
configure:4352: gcc -c -w  conftest.c >&5
configure:4358: $? = 0
configure:4362: test -z 
			 || test ! -s conftest.err
configure:4365: $? = 0
configure:4368: test -s conftest.o
configure:4371: $? = 0
configure:4382: result: yes
configure:4406: checking for sys/types.h
configure:4422: gcc -c -w  conftest.c >&5
configure:4428: $? = 0
configure:4432: test -z 
			 || test ! -s conftest.err
configure:4435: $? = 0
configure:4438: test -s conftest.o
configure:4441: $? = 0
configure:4452: result: yes
configure:4406: checking for sys/stat.h
configure:4422: gcc -c -w  conftest.c >&5
configure:4428: $? = 0
configure:4432: test -z 
			 || test ! -s conftest.err
configure:4435: $? = 0
configure:4438: test -s conftest.o
configure:4441: $? = 0
configure:4452: result: yes
configure:4406: checking for stdlib.h
configure:4422: gcc -c -w  conftest.c >&5
configure:4428: $? = 0
configure:4432: test -z 
			 || test ! -s conftest.err
configure:4435: $? = 0
configure:4438: test -s conftest.o
configure:4441: $? = 0
configure:4452: result: yes
configure:4406: checking for string.h
configure:4422: gcc -c -w  conftest.c >&5
configure:4428: $? = 0
configure:4432: test -z 
			 || test ! -s conftest.err
configure:4435: $? = 0
configure:4438: test -s conftest.o
configure:4441: $? = 0
configure:4452: result: yes
configure:4406: checking for memory.h
configure:4422: gcc -c -w  conftest.c >&5
configure:4428: $? = 0
configure:4432: test -z 
			 || test ! -s conftest.err
configure:4435: $? = 0
configure:4438: test -s conftest.o
configure:4441: $? = 0
configure:4452: result: yes
configure:4406: checking for strings.h
configure:4422: gcc -c -w  conftest.c >&5
configure:4428: $? = 0
configure:4432: test -z 
			 || test ! -s conftest.err
configure:4435: $? = 0
configure:4438: test -s conftest.o
configure:4441: $? = 0
configure:4452: result: yes
configure:4406: checking for inttypes.h
configure:4422: gcc -c -w  conftest.c >&5
configure:4428: $? = 0
configure:4432: test -z 
			 || test ! -s conftest.err
configure:4435: $? = 0
configure:4438: test -s conftest.o
configure:4441: $? = 0
configure:4452: result: yes
configure:4406: checking for stdint.h
configure:4422: gcc -c -w  conftest.c >&5
configure:4428: $? = 0
configure:4432: test -z 
			 || test ! -s conftest.err
configure:4435: $? = 0
configure:4438: test -s conftest.o
configure:4441: $? = 0
configure:4452: result: yes
configure:4406: checking for unistd.h
configure:4422: gcc -c -w  conftest.c >&5
configure:4428: $? = 0
configure:4432: test -z 
			 || test ! -s conftest.err
configure:4435: $? = 0
configure:4438: test -s conftest.o
configure:4441: $? = 0
configure:4452: result: yes
configure:4469: checking for unistd.h
configure:4474: result: yes
configure:4620: checking for an ANSI C-conforming const
configure:4687: gcc -c -w  conftest.c >&5
configure:4693: $? = 0
configure:4697: test -z 
			 || test ! -s conftest.err
configure:4700: $? = 0
configure:4703: test -s conftest.o
configure:4706: $? = 0
configure:4717: result: yes
configure:4730: checking return type of signal handlers
configure:4761: gcc -c -w  conftest.c >&5
configure:4767: $? = 0
configure:4771: test -z 
			 || test ! -s conftest.err
configure:4774: $? = 0
configure:4777: test -s conftest.o
configure:4780: $? = 0
configure:4791: result: void
configure:4808: checking for memcpy
configure:4865: gcc -o conftest -w   conftest.c  >&5
configure:4871: $? = 0
configure:4875: test -z 
			 || test ! -s conftest.err
configure:4878: $? = 0
configure:4881: test -s conftest
configure:4884: $? = 0
configure:4896: result: yes
configure:4808: checking for memset
configure:4865: gcc -o conftest -w   conftest.c  >&5
configure:4871: $? = 0
configure:4875: test -z 
			 || test ! -s conftest.err
configure:4878: $? = 0
configure:4881: test -s conftest
configure:4884: $? = 0
configure:4896: result: yes
configure:4808: checking for pclose
configure:4865: gcc -o conftest -w   conftest.c  >&5
configure:4871: $? = 0
configure:4875: test -z 
			 || test ! -s conftest.err
configure:4878: $? = 0
configure:4881: test -s conftest
configure:4884: $? = 0
configure:4896: result: yes
configure:4808: checking for popen
configure:4865: gcc -o conftest -w   conftest.c  >&5
configure:4871: $? = 0
configure:4875: test -z 
			 || test ! -s conftest.err
configure:4878: $? = 0
configure:4881: test -s conftest
configure:4884: $? = 0
configure:4896: result: yes
configure:4808: checking for strchr
configure:4865: gcc -o conftest -w   conftest.c  >&5
configure:4871: $? = 0
configure:4875: test -z 
			 || test ! -s conftest.err
configure:4878: $? = 0
configure:4881: test -s conftest
configure:4884: $? = 0
configure:4896: result: yes
configure:4808: checking for strrchr
configure:4865: gcc -o conftest -w   conftest.c  >&5
configure:4871: $? = 0
configure:4875: test -z 
			 || test ! -s conftest.err
configure:4878: $? = 0
configure:4881: test -s conftest
configure:4884: $? = 0
configure:4896: result: yes
configure:5091: creating ./config.status

## ---------------------- ##
## Running config.status. ##
## ---------------------- ##

This file was extended by SIS config.status 1.3.6, which was
generated by GNU Autoconf 2.59.  Invocation command line was

  CONFIG_FILES    = 
  CONFIG_HEADERS  = 
  CONFIG_LINKS    = 
  CONFIG_COMMANDS = 
  $ ./config.status 

on Randys-MBP-2

config.status:761: creating Makefile
config.status:761: creating blif2vst/Makefile
config.status:761: creating doc/Makefile
config.status:761: creating espresso/Makefile
config.status:761: creating espresso/examples/Makefile
config.status:761: creating jedi/Makefile
config.status:761: creating nova/Makefile
config.status:761: creating options/Makefile
config.status:761: creating port/Makefile
config.status:761: creating sis/Makefile
config.status:761: creating sis/array/Makefile
config.status:761: creating sis/astg/Makefile
config.status:761: creating sis/atpg/Makefile
config.status:761: creating sis/avl/Makefile
config.status:761: creating sis/bdd_cmu/Makefile
config.status:761: creating sis/bdd_cmu/bdd_cmu/Makefile
config.status:761: creating sis/bdd_cmu/bdd_port/Makefile
config.status:761: creating sis/bdd_cmu/mem/Makefile
config.status:761: creating sis/bdd_cudd/Makefile
config.status:761: creating sis/bdd_ucb/Makefile
config.status:761: creating sis/clock/Makefile
config.status:761: creating sis/command/Makefile
config.status:761: creating sis/decomp/Makefile
config.status:761: creating sis/delay/Makefile
config.status:761: creating sis/doc/Makefile
config.status:761: creating sis/enc/Makefile
config.status:761: creating sis/error/Makefile
config.status:761: creating sis/espresso/Makefile
config.status:761: creating sis/extract/Makefile
config.status:761: creating sis/factor/Makefile
config.status:761: creating sis/gcd/Makefile
config.status:761: creating sis/genlib/Makefile
config.status:761: creating sis/graph/Makefile
config.status:761: creating sis/graphics/Makefile
config.status:761: creating sis/include/Makefile
config.status:761: creating sis/io/Makefile
config.status:761: creating sis/latch/Makefile
config.status:761: creating sis/linsolv/Makefile
config.status:761: creating sis/list/Makefile
config.status:761: creating sis/lsort/Makefile
config.status:761: creating sis/main/Makefile
config.status:761: creating sis/map/Makefile
config.status:761: creating sis/maxflow/Makefile
config.status:761: creating sis/mincov/Makefile
config.status:761: creating sis/minimize/Makefile
config.status:761: creating sis/network/Makefile
config.status:761: creating sis/node/Makefile
config.status:761: creating sis/ntbdd/Makefile
config.status:761: creating sis/octio/Makefile
config.status:761: creating sis/order/Makefile
config.status:761: creating sis/phase/Makefile
config.status:761: creating sis/pld/Makefile
config.status:761: creating sis/power/Makefile
config.status:761: creating sis/resub/Makefile
config.status:761: creating sis/retime/Makefile
config.status:761: creating sis/seqbdd/Makefile
config.status:761: creating sis/sim/Makefile
config.status:761: creating sis/simplify/Makefile
config.status:761: creating sis/sis_lib/Makefile
config.status:761: creating sis/sis_lib/help/Makefile
config.status:761: creating sis/sparse/Makefile
config.status:761: creating sis/speed/Makefile
config.status:761: creating sis/st/Makefile
config.status:761: creating sis/stg/Makefile
config.status:761: creating sis/test/Makefile
config.status:761: creating sis/timing/Makefile
config.status:761: creating sis/util/Makefile
config.status:761: creating sis/var_set/Makefile
config.status:761: creating sred/Makefile
config.status:761: creating stamina/Makefile
config.status:761: creating stamina/hash/Makefile
config.status:761: creating stamina/mimi/Makefile
config.status:761: creating utility/Makefile
config.status:761: creating vst2blif/Makefile
config.status:761: creating xsis/Makefile
config.status:865: creating config.h
config.status:991: config.h is unchanged

## ---------------- ##
## Cache variables. ##
## ---------------- ##

ac_cv_c_compiler_gnu=yes
ac_cv_c_const=yes
ac_cv_env_CC_set=
ac_cv_env_CC_value=
ac_cv_env_CFLAGS_set=set
ac_cv_env_CFLAGS_value=-w
ac_cv_env_CPPFLAGS_set=
ac_cv_env_CPPFLAGS_value=
ac_cv_env_CPP_set=
ac_cv_env_CPP_value=
ac_cv_env_LDFLAGS_set=
ac_cv_env_LDFLAGS_value=
ac_cv_env_build_alias_set=
ac_cv_env_build_alias_value=
ac_cv_env_host_alias_set=
ac_cv_env_host_alias_value=
ac_cv_env_target_alias_set=
ac_cv_env_target_alias_value=
ac_cv_exeext=
ac_cv_func_memcpy=yes
ac_cv_func_memset=yes
ac_cv_func_pclose=yes
ac_cv_func_popen=yes
ac_cv_func_strchr=yes
ac_cv_func_strrchr=yes
ac_cv_have_x='have_x=yes 		ac_x_includes=/usr/X11/include ac_x_libraries=/Applications/Octave.app/Contents/Resources/usr/lib'
ac_cv_header_dirent_dirent_h=yes
ac_cv_header_inttypes_h=yes
ac_cv_header_memory_h=yes
ac_cv_header_stdc=yes
ac_cv_header_stdint_h=yes
ac_cv_header_stdlib_h=yes
ac_cv_header_string_h=yes
ac_cv_header_strings_h=yes
ac_cv_header_sys_stat_h=yes
ac_cv_header_sys_types_h=yes
ac_cv_header_sys_wait_h=yes
ac_cv_header_unistd_h=yes
ac_cv_lib_fl_yywrap=no
ac_cv_lib_l_yywrap=yes
ac_cv_objext=o
ac_cv_path_install='/usr/bin/install -c'
ac_cv_prog_AWK=awk
ac_cv_prog_CPP='gcc -E'
ac_cv_prog_LEX=flex
ac_cv_prog_YACC='bison -y'
ac_cv_prog_ac_ct_CC=gcc
ac_cv_prog_ac_ct_RANLIB=ranlib
ac_cv_prog_cc_g=yes
ac_cv_prog_cc_stdc=
ac_cv_prog_egrep='grep -E'
ac_cv_prog_lex_root=lex.yy
ac_cv_prog_lex_yytext_pointer=yes
ac_cv_prog_make_make_set=yes
ac_cv_search_opendir='none required'
ac_cv_type_signal=void

## ----------------- ##
## Output variables. ##
## ----------------- ##

ACLOCAL='${SHELL} /Users/heiland/git/sis_mac_port/missing --run aclocal-1.8'
AMTAR='${SHELL} /Users/heiland/git/sis_mac_port/missing --run tar'
AUTOCONF='${SHELL} /Users/heiland/git/sis_mac_port/missing --run autoconf'
AUTOHEADER='${SHELL} /Users/heiland/git/sis_mac_port/missing --run autoheader'
AUTOMAKE='${SHELL} /Users/heiland/git/sis_mac_port/missing --run automake-1.8'
AWK='awk'
CC='gcc'
CFLAGS='-w'
CPP='gcc -E'
CPPFLAGS=''
CYGPATH_W='echo'
DEFS='-DHAVE_CONFIG_H'
ECHO_C='ECHO_N=''
ECHO_T=''
EGREP='grep -E'
EXEEXT=''
INSTALL_DATA='${INSTALL} -m 644'
INSTALL_PROGRAM='${INSTALL}'
INSTALL_SCRIPT='${INSTALL}'
INSTALL_STRIP_PROGRAM='${SHELL} $(install_sh) -c -s'
LDFLAGS=''
LEX='flex'
LEXLIB='-ll'
LEX_OUTPUT_ROOT='lex.yy'
LIBOBJS=''
LIBS=''
LN_S='ln -s'
LTLIBOBJS=''
MAKEINFO='${SHELL} /Users/heiland/git/sis_mac_port/missing --run makeinfo'
OBJEXT='o'
PACKAGE='sis'
PACKAGE_BUGREPORT='pchong@ic.eecs.berkeley.edu'
PACKAGE_NAME='SIS'
PACKAGE_STRING='SIS 1.3.6'
PACKAGE_TARNAME='sis'
PACKAGE_VERSION='1.3.6'
PATH_SEPARATOR=':'
RANLIB='ranlib'
SET_MAKE=''
SHELL='/bin/sh'
SIS_COND_CMUBDD_FALSE='#'
SIS_COND_CMUBDD_TRUE=''
SIS_COND_CUDD_FALSE=''
SIS_COND_CUDD_TRUE='#'
SIS_COND_UCBBDD_FALSE=''
SIS_COND_UCBBDD_TRUE='#'
SIS_COND_X_FALSE='#'
SIS_COND_X_TRUE=''
SIS_CUDDDIR=''
SIS_DOCDIR='${prefix}/share/sis/doc'
SIS_HISTDIR='${prefix}/share/sis/historical'
SIS_SISLIBDIR='${prefix}/share/sis/sis_lib'
SIS_X_INCLUDES='/usr/X11/include'
SIS_X_LIBRARIES='/Applications/Octave.app/Contents/Resources/usr/lib'
STRIP=''
VERSION='1.3.6'
YACC='bison -y'
ac_ct_CC='gcc'
ac_ct_RANLIB='ranlib'
ac_ct_STRIP=''
am__leading_dot='.'
bindir='${exec_prefix}/bin'
build_alias=''
datadir='${prefix}/share'
exec_prefix='${prefix}'
host_alias=''
includedir='${prefix}/include'
infodir='${prefix}/info'
install_sh='/Users/heiland/git/sis_mac_port/install-sh'
libdir='${exec_prefix}/lib'
libexecdir='${exec_prefix}/libexec'
localstatedir='${prefix}/var'
mandir='${prefix}/man'
mkdir_p='$(install_sh) -d'
oldincludedir='/usr/include'
prefix='/usr/local'
program_transform_name='s,x,x,'
sbindir='${exec_prefix}/sbin'
sharedstatedir='${prefix}/com'
sysconfdir='${prefix}/etc'
target_alias=''

## ----------- ##
## confdefs.h. ##
## ----------- ##

#define HAVE_DIRENT_H 1
#define HAVE_INTTYPES_H 1
#define HAVE_MEMCPY 1
#define HAVE_MEMORY_H 1
#define HAVE_MEMSET 1
#define HAVE_PCLOSE 1
#define HAVE_POPEN 1
#define HAVE_STDINT_H 1
#define HAVE_STDLIB_H 1
#define HAVE_STRCHR 1
#define HAVE_STRINGS_H 1
#define HAVE_STRING_H 1
#define HAVE_STRRCHR 1
#define HAVE_SYS_STAT_H 1
#define HAVE_SYS_TYPES_H 1
#define HAVE_SYS_WAIT_H 1
#define HAVE_UNISTD_H 1
#define HAVE_UNISTD_H 1
#define PACKAGE "sis"
#define PACKAGE_BUGREPORT "pchong@ic.eecs.berkeley.edu"
#define PACKAGE_NAME "SIS"
#define PACKAGE_STRING "SIS 1.3.6"
#define PACKAGE_TARNAME "sis"
#define PACKAGE_VERSION "1.3.6"
#define RETSIGTYPE void
#define STDC_HEADERS 1
#define VERSION "1.3.6"
#define YYTEXT_POINTER 1

configure: exit 0
